[17:26:28]  [API] 드론 시뮬레이션 API가 초기화되었습니다.
[17:26:28] 드론 시뮬레이션을 시작합니다.
[17:26:28] [1/4] 'takeoff' 실행 (params={'altitude': 100})
[17:26:28]  [API] 'takeoff' 액션 실행. 목표 고도: 100cm
[17:26:28]   ... [API] 예상 소요 시간: 3.33초. 대기를 시작합니다.
[17:26:31]  [API] 'takeoff' 액션 완료.
[17:26:31]  'takeoff' 완료.
[17:26:31] [2/4] 'speed' 실행 (params={'value': 30})
[17:26:31]  [API] 'speed' 변경. 새로운 속도: 30 cm/s
[17:26:32]  [API] 'speed' 액션 완료.
[17:26:32]  'speed' 완료.
[17:26:32] [3/4] 'forward' 실행 (params={'distance': 20000})
[17:26:32] ⤴  [API] 'forward' 액션 실행. 거리: 20000cm
[17:26:32]   ... [API] 예상 소요 시간: 666.67초. 대기를 시작합니다.
[17:37:38]  [API] 'forward' 액션 완료.
[17:37:38]  'forward' 완료.
[17:37:38] [4/4] 'land' 실행 (params={})
[17:37:38]  [API] 'land' 액션 실행.
[17:37:41]  [API] 'land' 액션 완료.
[17:37:41]  'land' 완료.
[17:37:41]  모든 명령을 성공적으로 마쳤습니다.
