[13:54:17]  [API] 드론 시뮬레이션 API가 초기화되었습니다.
[13:54:17] 드론 시뮬레이션을 시작합니다.
[13:54:17] [1/4] 'takeoff' 실행 (params={'altitude': 100})
[13:54:17]  [API] 'takeoff' 액션 실행. 목표 고도: 100cm
[13:54:17]   ... [API] 예상 소요 시간: 3.33초. 대기를 시작합니다.
[13:54:20]  [API] 'takeoff' 액션 완료.
[13:54:20]  'takeoff' 완료.
[13:54:20] [2/4] 'speed' 실행 (params={'value': 30})
[13:54:20]  [API] 'speed' 변경. 새로운 속도: 30 cm/s
[13:54:21]  [API] 'speed' 액션 완료.
[13:54:21]  'speed' 완료.
[13:54:21] [3/4] 'forward' 실행 (params={'distance': 20000})
[13:54:21] ⤴  [API] 'forward' 액션 실행. 거리: 20000cm
[13:54:21]   ... [API] 예상 소요 시간: 666.67초. 대기를 시작합니다.
[14:05:27]  [API] 'forward' 액션 완료.
[14:05:27]  'forward' 완료.
[14:05:27] [4/4] 'land' 실행 (params={})
[14:05:27]  [API] 'land' 액션 실행.
[14:05:30]  [API] 'land' 액션 완료.
[14:05:30]  'land' 완료.
[14:05:30]  모든 명령을 성공적으로 마쳤습니다.
