[15:37:06]  [API] 드론 시뮬레이션 API가 초기화되었습니다.
[15:37:06] 드론 시뮬레이션을 시작합니다.
[15:37:06] [1/4] 'takeoff' 실행 (params={'altitude': 100})
[15:37:06]  [API] 'takeoff' 액션 실행. 목표 고도: 100cm
[15:37:06]   ... [API] 예상 소요 시간: 3.33초. 대기를 시작합니다.
[15:37:10]  [API] 'takeoff' 액션 완료.
[15:37:10]  'takeoff' 완료.
[15:37:10] [2/4] 'speed' 실행 (params={'value': 30})
[15:37:10]  [API] 'speed' 변경. 새로운 속도: 30 cm/s
[15:37:10]  [API] 'speed' 액션 완료.
[15:37:10]  'speed' 완료.
[15:37:10] [3/4] 'forward' 실행 (params={'distance': 20000})
[15:37:10] ⤴  [API] 'forward' 액션 실행. 거리: 20000cm
[15:37:10]   ... [API] 예상 소요 시간: 666.67초. 대기를 시작합니다.
[15:48:17]  [API] 'forward' 액션 완료.
[15:48:17]  'forward' 완료.
[15:48:17] [4/4] 'land' 실행 (params={})
[15:48:17]  [API] 'land' 액션 실행.
[15:48:20]  [API] 'land' 액션 완료.
[15:48:20]  'land' 완료.
[15:48:20]  모든 명령을 성공적으로 마쳤습니다.
