[16:12:30]  [API] 드론 시뮬레이션 API가 초기화되었습니다.
[16:12:30] 드론 시뮬레이션을 시작합니다.
[16:12:30] [1/4] 'takeoff' 실행 (params={'altitude': 100})
[16:12:30]  [API] 'takeoff' 액션 실행. 목표 고도: 100cm
[16:12:30]   ... [API] 예상 소요 시간: 3.33초. 대기를 시작합니다.
[16:12:34]  [API] 'takeoff' 액션 완료.
[16:12:34]  'takeoff' 완료.
[16:12:34] [2/4] 'speed' 실행 (params={'value': 30})
[16:12:34]  [API] 'speed' 변경. 새로운 속도: 30 cm/s
[16:12:34]  [API] 'speed' 액션 완료.
[16:12:34]  'speed' 완료.
[16:12:34] [3/4] 'forward' 실행 (params={'distance': 20000})
[16:12:34] ⤴  [API] 'forward' 액션 실행. 거리: 20000cm
[16:12:34]   ... [API] 예상 소요 시간: 666.67초. 대기를 시작합니다.
[16:23:40]  [API] 'forward' 액션 완료.
[16:23:40]  'forward' 완료.
[16:23:40] [4/4] 'land' 실행 (params={})
[16:23:40]  [API] 'land' 액션 실행.
[16:23:43]  [API] 'land' 액션 완료.
[16:23:43]  'land' 완료.
[16:23:43]  모든 명령을 성공적으로 마쳤습니다.
