[14:56:47]  [API] 드론 시뮬레이션 API가 초기화되었습니다.
[14:56:47] 드론 시뮬레이션을 시작합니다.
[14:56:47] [1/4] 'takeoff' 실행 (params={'altitude': 100})
[14:56:47]  [API] 'takeoff' 액션 실행. 목표 고도: 100cm
[14:56:47]   ... [API] 예상 소요 시간: 3.33초. 대기를 시작합니다.
[14:56:51]  [API] 'takeoff' 액션 완료.
[14:56:51]  'takeoff' 완료.
[14:56:51] [2/4] 'speed' 실행 (params={'value': 30})
[14:56:51]  [API] 'speed' 변경. 새로운 속도: 30 cm/s
[14:56:51]  [API] 'speed' 액션 완료.
[14:56:51]  'speed' 완료.
[14:56:51] [3/4] 'forward' 실행 (params={'distance': 20000})
[14:56:51] ⤴  [API] 'forward' 액션 실행. 거리: 20000cm
[14:56:51]   ... [API] 예상 소요 시간: 666.67초. 대기를 시작합니다.
[15:01:49]  [API] 'forward' 액션 완료.
[15:01:49]  [API] 'land' 액션 실행.
[15:01:52]  [API] 'land' 액션 완료.
[15:07:57]  'forward' 완료.
[15:07:57] [4/4] 'land' 실행 (params={})
[15:08:00]  'land' 완료.
[15:08:00]  모든 명령을 성공적으로 마쳤습니다.
